<?xml version="1.0" encoding="UTF-8"?>
<testsuite xmlns:xsi="http://www.w3.org/2001/XMLSchema-instance" xsi:noNamespaceSchemaLocation="https://maven.apache.org/surefire/maven-surefire-plugin/xsd/surefire-test-report.xsd" version="3.0.2" name="com.w_s_backend.w_s.ClothCardServiceTest" time="0.87" tests="3" errors="0" skipped="0" failures="2">
  <properties>
[...]
</properties>
  <testcase name="autumnOutfits_ShouldIncludeMidLayer" classname="com.w_s_backend.w_s.ClothCardServiceTest" time="0.828">
    <system-out><![CDATA[15:04:43.823 [main] INFO com.w_s_backend.w_s.Services.ClothCardService -- === Фильтрация категории TOP_BASE ===
15:04:43.827 [main] INFO com.w_s_backend.w_s.Services.ClothCardService -- Всего вещей: 1
15:04:43.828 [main] INFO com.w_s_backend.w_s.Services.ClothCardService --   Вещь: Рубашка | стиль=CASUAL | сезон=ALL_SEASON | теплота=3 | matchStyle=true | matchWeather=true
15:04:43.829 [main] INFO com.w_s_backend.w_s.Services.ClothCardService -- После фильтрации: 1
15:04:43.829 [main] INFO com.w_s_backend.w_s.Services.ClothCardService -- === Фильтрация категории BOTTOM ===
15:04:43.829 [main] INFO com.w_s_backend.w_s.Services.ClothCardService -- Всего вещей: 1
15:04:43.829 [main] INFO com.w_s_backend.w_s.Services.ClothCardService --   Вещь: Джинсы | стиль=CASUAL | сезон=ALL_SEASON | теплота=3 | matchStyle=true | matchWeather=true
15:04:43.829 [main] INFO com.w_s_backend.w_s.Services.ClothCardService -- После фильтрации: 1
15:04:43.830 [main] INFO com.w_s_backend.w_s.Services.ClothCardService -- === Фильтрация категории SHOES ===
15:04:43.830 [main] INFO com.w_s_backend.w_s.Services.ClothCardService -- Всего вещей: 1
15:04:43.830 [main] INFO com.w_s_backend.w_s.Services.ClothCardService --   Вещь: Кроссовки | стиль=CASUAL | сезон=ALL_SEASON | теплота=2 | matchStyle=true | matchWeather=false
15:04:43.830 [main] INFO com.w_s_backend.w_s.Services.ClothCardService -- После фильтрации: 0
15:04:43.830 [main] INFO com.w_s_backend.w_s.Services.ClothCardService -- === Фильтрация категории TOP_MID ===
15:04:43.830 [main] INFO com.w_s_backend.w_s.Services.ClothCardService -- Всего вещей: 1
15:04:43.830 [main] INFO com.w_s_backend.w_s.Services.ClothCardService --   Вещь: Свитер | стиль=CASUAL | сезон=ALL_SEASON | теплота=4 | matchStyle=true | matchWeather=true
15:04:43.830 [main] INFO com.w_s_backend.w_s.Services.ClothCardService -- После фильтрации: 1
15:04:43.831 [main] INFO com.w_s_backend.w_s.Services.ClothCardService -- Сгенерировано 2 уникальных комбинаций
15:04:43.834 [main] INFO com.w_s_backend.w_s.Services.ClothCardService -- Сохранен образ 'Осенний тест #1': 2 предметов
15:04:43.834 [main] INFO com.w_s_backend.w_s.Services.ClothCardService -- Сохранен образ 'Осенний тест #2': 3 предметов

✅ Осенние образы (9°C):
🔹 Осенний тест #1 (2 вещей):
   - Рубашка [TOP_BASE]
   - Джинсы [BOTTOM]
🔹 Осенний тест #2 (3 вещей):
   - Рубашка [TOP_BASE]
   - Джинсы [BOTTOM]
   - Свитер [TOP_MID]
]]></system-out>
    <system-err><![CDATA[Mockito is currently self-attaching to enable the inline-mock-maker. This will no longer work in future releases of the JDK. Please add Mockito as an agent to your build as described in Mockito's documentation: https://javadoc.io/doc/org.mockito/mockito-core/latest/org.mockito/org/mockito/Mockito.html#0.3
WARNING: A Java agent has been loaded dynamically (C:\Users\serge\.m2\repository\net\bytebuddy\byte-buddy-agent\1.17.8\byte-buddy-agent-1.17.8.jar)
WARNING: If a serviceability tool is in use, please run with -XX:+EnableDynamicAgentLoading to hide this warning
WARNING: If a serviceability tool is not in use, please run with -Djdk.instrument.traceUsage for more information
WARNING: Dynamic loading of agents will be disallowed by default in a future release
]]></system-err>
  </testcase>
  <testcase name="winterOutfits_ShouldHaveMoreThanTwoItems" classname="com.w_s_backend.w_s.ClothCardServiceTest" time="0.012">
    <failure message="❌ Образ &apos;Зимний тест #1&apos; не содержит свитера или куртки! ==&gt; expected: &lt;true&gt; but was: &lt;false&gt;" type="org.opentest4j.AssertionFailedError"><![CDATA[org.opentest4j.AssertionFailedError: ❌ Образ 'Зимний тест #1' не содержит свитера или куртки! ==> expected: <true> but was: <false>
	at org.junit.jupiter.api.AssertionFailureBuilder.build(AssertionFailureBuilder.java:151)
	at org.junit.jupiter.api.AssertionFailureBuilder.buildAndThrow(AssertionFailureBuilder.java:132)
	at org.junit.jupiter.api.AssertTrue.failNotTrue(AssertTrue.java:63)
	at org.junit.jupiter.api.AssertTrue.assertTrue(AssertTrue.java:36)
	at org.junit.jupiter.api.Assertions.assertTrue(Assertions.java:214)
	at com.w_s_backend.w_s.ClothCardServiceTest.winterOutfits_ShouldHaveMoreThanTwoItems(ClothCardServiceTest.java:144)
	at java.base/java.lang.reflect.Method.invoke(Method.java:580)
	at java.base/java.util.ArrayList.forEach(ArrayList.java:1596)
	at java.base/java.util.ArrayList.forEach(ArrayList.java:1596)
]]></failure>
    <system-out><![CDATA[15:04:43.859 [main] INFO com.w_s_backend.w_s.Services.ClothCardService -- === Фильтрация категории TOP_BASE ===
15:04:43.859 [main] INFO com.w_s_backend.w_s.Services.ClothCardService -- Всего вещей: 1
15:04:43.859 [main] INFO com.w_s_backend.w_s.Services.ClothCardService --   Вещь: Рубашка | стиль=CASUAL | сезон=WINTER | теплота=5 | matchStyle=true | matchWeather=true
15:04:43.859 [main] INFO com.w_s_backend.w_s.Services.ClothCardService -- После фильтрации: 1
15:04:43.860 [main] INFO com.w_s_backend.w_s.Services.ClothCardService -- === Фильтрация категории BOTTOM ===
15:04:43.860 [main] INFO com.w_s_backend.w_s.Services.ClothCardService -- Всего вещей: 1
15:04:43.860 [main] INFO com.w_s_backend.w_s.Services.ClothCardService --   Вещь: Брюки | стиль=CASUAL | сезон=WINTER | теплота=5 | matchStyle=true | matchWeather=true
15:04:43.860 [main] INFO com.w_s_backend.w_s.Services.ClothCardService -- После фильтрации: 1
15:04:43.860 [main] INFO com.w_s_backend.w_s.Services.ClothCardService -- === Фильтрация категории SHOES ===
15:04:43.860 [main] INFO com.w_s_backend.w_s.Services.ClothCardService -- Всего вещей: 1
15:04:43.860 [main] INFO com.w_s_backend.w_s.Services.ClothCardService --   Вещь: Ботинки | стиль=CASUAL | сезон=WINTER | теплота=5 | matchStyle=true | matchWeather=true
15:04:43.860 [main] INFO com.w_s_backend.w_s.Services.ClothCardService -- После фильтрации: 1
15:04:43.860 [main] INFO com.w_s_backend.w_s.Services.ClothCardService -- === Фильтрация категории TOP_MID ===
15:04:43.860 [main] INFO com.w_s_backend.w_s.Services.ClothCardService -- Всего вещей: 1
15:04:43.860 [main] INFO com.w_s_backend.w_s.Services.ClothCardService --   Вещь: Свитер | стиль=CASUAL | сезон=WINTER | теплота=5 | matchStyle=true | matchWeather=true
15:04:43.860 [main] INFO com.w_s_backend.w_s.Services.ClothCardService -- После фильтрации: 1
15:04:43.860 [main] INFO com.w_s_backend.w_s.Services.ClothCardService -- === Фильтрация категории TOP_OUTER ===
15:04:43.860 [main] INFO com.w_s_backend.w_s.Services.ClothCardService -- Всего вещей: 1
15:04:43.860 [main] INFO com.w_s_backend.w_s.Services.ClothCardService --   Вещь: Пуховик | стиль=CASUAL | сезон=WINTER | теплота=5 | matchStyle=true | matchWeather=true
15:04:43.860 [main] INFO com.w_s_backend.w_s.Services.ClothCardService -- После фильтрации: 1
15:04:43.860 [main] INFO com.w_s_backend.w_s.Services.ClothCardService -- === Фильтрация категории HEAD ===
15:04:43.861 [main] INFO com.w_s_backend.w_s.Services.ClothCardService -- Всего вещей: 1
15:04:43.861 [main] INFO com.w_s_backend.w_s.Services.ClothCardService --   Вещь: Шапка | стиль=CASUAL | сезон=WINTER | теплота=5 | matchStyle=true | matchWeather=true
15:04:43.861 [main] INFO com.w_s_backend.w_s.Services.ClothCardService -- После фильтрации: 1
15:04:43.862 [main] INFO com.w_s_backend.w_s.Services.ClothCardService -- Сгенерировано 12 уникальных комбинаций
15:04:43.862 [main] INFO com.w_s_backend.w_s.Services.ClothCardService -- Сохранен образ 'Зимний тест #1': 3 предметов
15:04:43.862 [main] INFO com.w_s_backend.w_s.Services.ClothCardService -- Сохранен образ 'Зимний тест #2': 5 предметов
15:04:43.862 [main] INFO com.w_s_backend.w_s.Services.ClothCardService -- Сохранен образ 'Зимний тест #3': 3 предметов

✅ Зимние образы (-15°C):
🔹 Зимний тест #1 (3 вещей):
]]></system-out>
  </testcase>
  <testcase name="winterOutfits_ShouldNotBeOnlyTopAndBottom" classname="com.w_s_backend.w_s.ClothCardServiceTest" time="0.008">
    <failure message="❌ Образ &apos;Повседневный образ #4&apos; содержит только верх и низ! При -10°C нужны слои. ==&gt; expected: &lt;false&gt; but was: &lt;true&gt;" type="org.opentest4j.AssertionFailedError"><![CDATA[org.opentest4j.AssertionFailedError: ❌ Образ 'Повседневный образ #4' содержит только верх и низ! При -10°C нужны слои. ==> expected: <false> but was: <true>
	at org.junit.jupiter.api.AssertionFailureBuilder.build(AssertionFailureBuilder.java:151)
	at org.junit.jupiter.api.AssertionFailureBuilder.buildAndThrow(AssertionFailureBuilder.java:132)
	at org.junit.jupiter.api.AssertFalse.failNotFalse(AssertFalse.java:63)
	at org.junit.jupiter.api.AssertFalse.assertFalse(AssertFalse.java:36)
	at org.junit.jupiter.api.Assertions.assertFalse(Assertions.java:239)
	at com.w_s_backend.w_s.ClothCardServiceTest.winterOutfits_ShouldNotBeOnlyTopAndBottom(ClothCardServiceTest.java:207)
	at java.base/java.lang.reflect.Method.invoke(Method.java:580)
	at java.base/java.util.ArrayList.forEach(ArrayList.java:1596)
	at java.base/java.util.ArrayList.forEach(ArrayList.java:1596)
]]></failure>
    <system-out><![CDATA[15:04:43.876 [main] INFO com.w_s_backend.w_s.Services.ClothCardService -- === Фильтрация категории TOP_BASE ===
15:04:43.876 [main] INFO com.w_s_backend.w_s.Services.ClothCardService -- Всего вещей: 1
15:04:43.876 [main] INFO com.w_s_backend.w_s.Services.ClothCardService --   Вещь: Рубашка | стиль=CASUAL | сезон=WINTER | теплота=5 | matchStyle=true | matchWeather=true
15:04:43.876 [main] INFO com.w_s_backend.w_s.Services.ClothCardService -- После фильтрации: 1
15:04:43.876 [main] INFO com.w_s_backend.w_s.Services.ClothCardService -- === Фильтрация категории BOTTOM ===
15:04:43.876 [main] INFO com.w_s_backend.w_s.Services.ClothCardService -- Всего вещей: 1
15:04:43.876 [main] INFO com.w_s_backend.w_s.Services.ClothCardService --   Вещь: Брюки | стиль=CASUAL | сезон=WINTER | теплота=5 | matchStyle=true | matchWeather=true
15:04:43.876 [main] INFO com.w_s_backend.w_s.Services.ClothCardService -- После фильтрации: 1
15:04:43.876 [main] INFO com.w_s_backend.w_s.Services.ClothCardService -- === Фильтрация категории SHOES ===
15:04:43.876 [main] INFO com.w_s_backend.w_s.Services.ClothCardService -- Всего вещей: 1
15:04:43.876 [main] INFO com.w_s_backend.w_s.Services.ClothCardService --   Вещь: Ботинки | стиль=CASUAL | сезон=WINTER | теплота=5 | matchStyle=true | matchWeather=true
15:04:43.876 [main] INFO com.w_s_backend.w_s.Services.ClothCardService -- После фильтрации: 1
15:04:43.876 [main] INFO com.w_s_backend.w_s.Services.ClothCardService -- === Фильтрация категории TOP_MID ===
15:04:43.876 [main] INFO com.w_s_backend.w_s.Services.ClothCardService -- Всего вещей: 1
15:04:43.876 [main] INFO com.w_s_backend.w_s.Services.ClothCardService --   Вещь: Свитер | стиль=CASUAL | сезон=WINTER | теплота=5 | matchStyle=true | matchWeather=true
15:04:43.876 [main] INFO com.w_s_backend.w_s.Services.ClothCardService -- После фильтрации: 1
15:04:43.876 [main] INFO com.w_s_backend.w_s.Services.ClothCardService -- === Фильтрация категории TOP_OUTER ===
15:04:43.876 [main] INFO com.w_s_backend.w_s.Services.ClothCardService -- Всего вещей: 1
15:04:43.876 [main] INFO com.w_s_backend.w_s.Services.ClothCardService --   Вещь: Пуховик | стиль=CASUAL | сезон=WINTER | теплота=5 | matchStyle=true | matchWeather=true
15:04:43.876 [main] INFO com.w_s_backend.w_s.Services.ClothCardService -- После фильтрации: 1
15:04:43.876 [main] INFO com.w_s_backend.w_s.Services.ClothCardService -- === Фильтрация категории HEAD ===
15:04:43.877 [main] INFO com.w_s_backend.w_s.Services.ClothCardService -- Всего вещей: 1
15:04:43.877 [main] INFO com.w_s_backend.w_s.Services.ClothCardService --   Вещь: Шапка | стиль=CASUAL | сезон=WINTER | теплота=5 | matchStyle=true | matchWeather=true
15:04:43.877 [main] INFO com.w_s_backend.w_s.Services.ClothCardService -- После фильтрации: 1
15:04:43.878 [main] INFO com.w_s_backend.w_s.Services.ClothCardService -- Сгенерировано 12 уникальных комбинаций
15:04:43.878 [main] INFO com.w_s_backend.w_s.Services.ClothCardService -- Сохранен образ 'Повседневный образ #1': 3 предметов
15:04:43.878 [main] INFO com.w_s_backend.w_s.Services.ClothCardService -- Сохранен образ 'Повседневный образ #2': 5 предметов
15:04:43.878 [main] INFO com.w_s_backend.w_s.Services.ClothCardService -- Сохранен образ 'Повседневный образ #3': 3 предметов
15:04:43.878 [main] INFO com.w_s_backend.w_s.Services.ClothCardService -- Сохранен образ 'Повседневный образ #4': 2 предметов
15:04:43.878 [main] INFO com.w_s_backend.w_s.Services.ClothCardService -- Сохранен образ 'Повседневный образ #5': 3 предметов

✅ Проверка, что нет образов только из верха и низа (-10°C):
🔹 Повседневный образ #1 — 3 вещей, категории: [BOTTOM, TOP_BASE, TOP_MID]
🔹 Повседневный образ #2 — 5 вещей, категории: [TOP_OUTER, BOTTOM, SHOES, TOP_BASE, TOP_MID]
🔹 Повседневный образ #3 — 3 вещей, категории: [TOP_OUTER, BOTTOM, TOP_BASE]
🔹 Повседневный образ #4 — 2 вещей, категории: [BOTTOM, TOP_BASE]
]]></system-out>
  </testcase>
</testsuite>